# JRE version: OpenJDK Runtime Environment (17.0.11) (build 17.0.11+0--11852314)
# Java VM: OpenJDK 64-Bit Server VM (17.0.11+0--11852314, mixed mode, tiered, compressed oops, compressed class ptrs, g1 gc, windows-amd64)
GC Precious Log:
 CPUs: 12 total, 12 available
 Memory: 7860M
 Large Page Support: Disabled
 NUMA Support: Disabled
 Compressed Oops: Enabled (32-bit)
 Heap Region Size: 1M
 Heap Min Capacity: 8M
 Heap Initial Capacity: 124M
 Heap Max Capacity: 2G
 Pre-touch: Disabled
 Parallel Workers: 10
 Concurrent Workers: 3
 Concurrent Refinement Workers: 10
 Periodic GC: Disabled
Heap:
 garbage-first heap   total 147456K, used 59377K [0x0000000080000000, 0x0000000100000000)
  region size 1024K, 10 young (10240K), 1 survivors (1024K)
 Metaspace       used 63463K, committed 64000K, reserved 1114112K
  class space    used 8663K, committed 8896K, reserved 1048576K
GC Heap History (20 events):
Event: 3.165 GC heap before
{Heap before GC invocations=11 (full 0):
 garbage-first heap   total 86016K, used 65800K [0x0000000080000000, 0x0000000100000000)
  region size 1024K, 40 young (40960K), 6 survivors (6144K)
 Metaspace       used 47953K, committed 48384K, reserved 1114112K
  class space    used 6566K, committed 6784K, reserved 1048576K
}
Event: 3.168 GC heap after
{Heap after GC invocations=12 (full 0):
 garbage-first heap   total 86016K, used 32768K [0x0000000080000000, 0x0000000100000000)
  region size 1024K, 5 young (5120K), 5 survivors (5120K)
 Metaspace       used 47953K, committed 48384K, reserved 1114112K
  class space    used 6566K, committed 6784K, reserved 1048576K
}
Event: 3.477 GC heap before
{Heap before GC invocations=12 (full 0):
 garbage-first heap   total 86016K, used 68608K [0x0000000080000000, 0x0000000100000000)
  region size 1024K, 38 young (38912K), 5 survivors (5120K)
 Metaspace       used 52950K, committed 53440K, reserved 1114112K
  class space    used 7266K, committed 7488K, reserved 1048576K
}
Event: 3.480 GC heap after
{Heap after GC invocations=13 (full 0):
 garbage-first heap   total 86016K, used 35630K [0x0000000080000000, 0x0000000100000000)
  region size 1024K, 4 young (4096K), 4 survivors (4096K)
 Metaspace       used 52950K, committed 53440K, reserved 1114112K
  class space    used 7266K, committed 7488K, reserved 1048576K
}
Event: 3.852 GC heap before
{Heap before GC invocations=13 (full 0):
 garbage-first heap   total 86016K, used 67374K [0x0000000080000000, 0x0000000100000000)
  region size 1024K, 36 young (36864K), 4 survivors (4096K)
 Metaspace       used 55835K, committed 56384K, reserved 1114112K
  class space    used 7667K, committed 7936K, reserved 1048576K
}
Event: 3.855 GC heap after
{Heap after GC invocations=14 (full 0):
 garbage-first heap   total 86016K, used 37444K [0x0000000080000000, 0x0000000100000000)
  region size 1024K, 5 young (5120K), 5 survivors (5120K)
 Metaspace       used 55835K, committed 56384K, reserved 1114112K
  class space    used 7667K, committed 7936K, reserved 1048576K
}
Event: 4.031 GC heap before
{Heap before GC invocations=14 (full 0):
 garbage-first heap   total 86016K, used 69188K [0x0000000080000000, 0x0000000100000000)
  region size 1024K, 35 young (35840K), 5 survivors (5120K)
 Metaspace       used 56895K, committed 57472K, reserved 1114112K
  class space    used 7849K, committed 8128K, reserved 1048576K
}
Event: 4.034 GC heap after
{Heap after GC invocations=15 (full 0):
 garbage-first heap   total 86016K, used 41605K [0x0000000080000000, 0x0000000100000000)
  region size 1024K, 3 young (3072K), 3 survivors (3072K)
 Metaspace       used 56895K, committed 57472K, reserved 1114112K
  class space    used 7849K, committed 8128K, reserved 1048576K
}
Event: 4.046 GC heap before
{Heap before GC invocations=15 (full 0):
 garbage-first heap   total 86016K, used 42629K [0x0000000080000000, 0x0000000100000000)
  region size 1024K, 5 young (5120K), 3 survivors (3072K)
 Metaspace       used 57000K, committed 57536K, reserved 1114112K
  class space    used 7867K, committed 8128K, reserved 1048576K
}
Event: 4.048 GC heap after
{Heap after GC invocations=16 (full 0):
 garbage-first heap   total 86016K, used 42399K [0x0000000080000000, 0x0000000100000000)
  region size 1024K, 1 young (1024K), 1 survivors (1024K)
 Metaspace       used 57000K, committed 57536K, reserved 1114112K
  class space    used 7867K, committed 8128K, reserved 1048576K
}
Event: 4.258 GC heap before
{Heap before GC invocations=17 (full 0):
 garbage-first heap   total 86016K, used 73119K [0x0000000080000000, 0x0000000100000000)
  region size 1024K, 27 young (27648K), 1 survivors (1024K)
 Metaspace       used 58437K, committed 59008K, reserved 1114112K
  class space    used 8067K, committed 8320K, reserved 1048576K
}
Event: 4.259 GC heap after
{Heap after GC invocations=18 (full 0):
 garbage-first heap   total 86016K, used 50928K [0x0000000080000000, 0x0000000100000000)
  region size 1024K, 4 young (4096K), 4 survivors (4096K)
 Metaspace       used 58437K, committed 59008K, reserved 1114112K
  class space    used 8067K, committed 8320K, reserved 1048576K
}
Event: 4.266 GC heap before
{Heap before GC invocations=18 (full 0):
 garbage-first heap   total 86016K, used 51952K [0x0000000080000000, 0x0000000100000000)
  region size 1024K, 5 young (5120K), 4 survivors (4096K)
 Metaspace       used 58484K, committed 59072K, reserved 1114112K
  class space    used 8077K, committed 8384K, reserved 1048576K
}
Event: 4.268 GC heap after
{Heap after GC invocations=19 (full 0):
 garbage-first heap   total 86016K, used 50333K [0x0000000080000000, 0x0000000100000000)
  region size 1024K, 1 young (1024K), 1 survivors (1024K)
 Metaspace       used 58484K, committed 59072K, reserved 1114112K
  class space    used 8077K, committed 8384K, reserved 1048576K
}
Event: 4.384 GC heap before
{Heap before GC invocations=19 (full 0):
 garbage-first heap   total 86016K, used 67741K [0x0000000080000000, 0x0000000100000000)
  region size 1024K, 19 young (19456K), 1 survivors (1024K)
 Metaspace       used 60029K, committed 60672K, reserved 1114112K
  class space    used 8285K, committed 8576K, reserved 1048576K
}
Event: 4.385 GC heap after
{Heap after GC invocations=20 (full 0):
 garbage-first heap   total 86016K, used 50709K [0x0000000080000000, 0x0000000100000000)
  region size 1024K, 1 young (1024K), 1 survivors (1024K)
 Metaspace       used 60029K, committed 60672K, reserved 1114112K
  class space    used 8285K, committed 8576K, reserved 1048576K
}
Event: 4.532 GC heap before
{Heap before GC invocations=21 (full 0):
 garbage-first heap   total 91136K, used 70165K [0x0000000080000000, 0x0000000100000000)
  region size 1024K, 20 young (20480K), 1 survivors (1024K)
 Metaspace       used 61924K, committed 62528K, reserved 1114112K
  class space    used 8473K, committed 8768K, reserved 1048576K
}
Event: 4.533 GC heap after
{Heap after GC invocations=22 (full 0):
 garbage-first heap   total 147456K, used 51293K [0x0000000080000000, 0x0000000100000000)
  region size 1024K, 2 young (2048K), 2 survivors (2048K)
 Metaspace       used 61924K, committed 62528K, reserved 1114112K
  class space    used 8473K, committed 8768K, reserved 1048576K
}
Event: 4.562 GC heap before
{Heap before GC invocations=22 (full 0):
 garbage-first heap   total 147456K, used 55389K [0x0000000080000000, 0x0000000100000000)
  region size 1024K, 7 young (7168K), 2 survivors (2048K)
 Metaspace       used 62366K, committed 62976K, reserved 1114112K
  class space    used 8537K, committed 8832K, reserved 1048576K
}
Event: 4.565 GC heap after
{Heap after GC invocations=23 (full 0):
 garbage-first heap   total 147456K, used 51185K [0x0000000080000000, 0x0000000100000000)
  region size 1024K, 1 young (1024K), 1 survivors (1024K)
 Metaspace       used 62366K, committed 62976K, reserved 1114112K
  class space    used 8537K, committed 8832K, reserved 1048576K
}

